#
# There is insufficient memory for the Java Runtime Environment to continue.
# Native memory allocation (mmap) failed to map 134217728 bytes for G1 virtual space
# Possible reasons:
#   The system is out of physical RAM or swap space
#   The process is running with CompressedOops enabled, and the Java Heap may be blocking the growth of the native heap
# Possible solutions:
#   Reduce memory load on the system
#   Increase physical memory or swap space
#   Check if swap backing store is full
#   Decrease Java heap size (-Xmx/-Xms)
#   Decrease number of Java threads
#   Decrease Java thread stack sizes (-Xss)
#   Set larger code cache with -XX:ReservedCodeCacheSize=
#   JVM is running with Unscaled Compressed Oops mode in which the Java heap is
#     placed in the first 4GB address space. The Java Heap base address is the
#     maximum limit for the native heap growth. Please use -XX:HeapBaseMinAddress
#     to set the Java Heap base and to place the Java Heap above 4GB virtual address.
# This output file may be truncated or incomplete.
#
#  Out of Memory Error (os_windows.cpp:3550), pid=23664, tid=4964
#
# JRE version:  (17.0.8+9) (build )
# Java VM: Java HotSpot(TM) 64-Bit Server VM (17.0.8+9-LTS-211, mixed mode, sharing, tiered, compressed oops, compressed class ptrs, g1 gc, windows-amd64)
# No core dump will be written. Minidumps are not enabled by default on client versions of Windows
#

---------------  S U M M A R Y ------------

Command Line: -Dfile.encoding=UTF-8 -Dstdout.encoding=UTF-8 -Dstderr.encoding=UTF-8 -XX:+ShowCodeDetailsInExceptionMessages AjaxCalls.FramesDemo

Host: Intel(R) Core(TM) i7-5500U CPU @ 2.40GHz, 4 cores, 7G,  Windows 10 , 64 bit Build 19041 (10.0.19041.3636)
Time: Mon Jan 29 17:24:15 2024 India Standard Time elapsed time: 0.023658 seconds (0d 0h 0m 0s)

---------------  T H R E A D  ---------------

Current thread (0x000002806fcd45e0):  JavaThread "Unknown thread" [_thread_in_vm, id=4964, stack(0x000000bda9200000,0x000000bda9300000)]

Stack: [0x000000bda9200000,0x000000bda9300000]
Native frames: (J=compiled Java code, j=interpreted, Vv=VM code, C=native code)
V  [jvm.dll+0x677d0a]
V  [jvm.dll+0x7d8c54]
V  [jvm.dll+0x7da3fe]
V  [jvm.dll+0x7daa63]
V  [jvm.dll+0x245c5f]
V  [jvm.dll+0x674bb9]
V  [jvm.dll+0x6694f2]
V  [jvm.dll+0x3031d6]
V  [jvm.dll+0x30a756]
V  [jvm.dll+0x359f9e]
V  [jvm.dll+0x35a1cf]
V  [jvm.dll+0x2da3e8]
V  [jvm.dll+0x2db354]
V  [jvm.dll+0x7aa711]
V  [jvm.dll+0x367b51]
V  [jvm.dll+0x789979]
V  [jvm.dll+0x3eb05f]
V  [jvm.dll+0x3ecae1]
C  [jli.dll+0x5297]
C  [ucrtbase.dll+0x21bb2]
C  [KERNEL32.DLL+0x17344]
C  [ntdll.dll+0x526b1]


---------------  P R O C E S S  ---------------

Threads class SMR info:
_java_thread_list=0x00007ff9e35459d8, length=0, elements={
}

Java Threads: ( => current thread )

Other Threads:
  0x000002806fd2e3c0 GCTaskThread "GC Thread#0" [stack: 0x000000bda9300000,0x000000bda9400000] [id=9648]
  0x000002806fd40740 ConcurrentGCThread "G1 Main Marker" [stack: 0x000000bda9400000,0x000000bda9500000] [id=18564]
  0x000002806fd41060 ConcurrentGCThread "G1 Conc#0" [stack: 0x000000bda9500000,0x000000bda9600000] [id=12396]

[error occurred during error reporting (printing all threads), id 0xc0000005, EXCEPTION_ACCESS_VIOLATION (0xc0000005) at pc=0x00007ff9e2d7b047]

VM state: not at safepoint (not fully initialized)

VM Mutex/Monitor currently owned by a thread:  ([mutex/lock_event])
[0x000002806fcd0f40] Heap_lock - owner thread: 0x000002806fcd45e0

Heap address: 0x0000000081400000, size: 2028 MB, Compressed Oops mode: 32-bit

CDS archive(s) mapped at: [0x0000000000000000-0x0000000000000000-0x0000000000000000), size 0, SharedBaseAddress: 0x0000000800000000, ArchiveRelocationMode: 1.
Narrow klass base: 0x0000000000000000, Narrow klass shift: 0, Narrow klass range: 0x0

GC Precious Log:
<Empty>

Heap:
 garbage-first heap   total 0K, used 0K [0x0000000081400000, 0x0000000100000000)
  region size 1024K, 0 young (0K), 0 survivors (0K)

[error occurred during error reporting (printing heap information), id 0xc0000005, EXCEPTION_ACCESS_VIOLATION (0xc0000005) at pc=0x00007ff9e3161499]

GC Heap History (0 events):
No events

Deoptimization events (0 events):
No events

Classes unloaded (0 events):
No events

Classes redefined (0 events):
No events

Internal exceptions (0 events):
No events

VM Operations (0 events):
No events

Events (1 events):
Event: 0.014 Loaded shared library C:\Program Files\Java\jdk-17\bin\java.dll


Dynamic libraries:
0x00007ff758ae0000 - 0x00007ff758af0000 	C:\Program Files\Java\jdk-17\bin\javaw.exe
0x00007ffa1ead0000 - 0x00007ffa1ecc8000 	C:\Windows\SYSTEM32\ntdll.dll
0x00007ffa1e160000 - 0x00007ffa1e21d000 	C:\Windows\System32\KERNEL32.DLL
0x00007ffa1c5b0000 - 0x00007ffa1c8a6000 	C:\Windows\System32\KERNELBASE.dll
0x00007ffa1c4b0000 - 0x00007ffa1c5b0000 	C:\Windows\System32\ucrtbase.dll
0x00007ffa17350000 - 0x00007ffa1736b000 	C:\Program Files\Java\jdk-17\bin\VCRUNTIME140.dll
0x00007ffa14ab0000 - 0x00007ffa14ac9000 	C:\Program Files\Java\jdk-17\bin\jli.dll
0x00007ffa1e0b0000 - 0x00007ffa1e15f000 	C:\Windows\System32\ADVAPI32.dll
0x00007ffa1e230000 - 0x00007ffa1e2ce000 	C:\Windows\System32\msvcrt.dll
0x00007ffa1d6f0000 - 0x00007ffa1d78c000 	C:\Windows\System32\sechost.dll
0x00007ffa1e5d0000 - 0x00007ffa1e6f6000 	C:\Windows\System32\RPCRT4.dll
0x00007ffa1cbb0000 - 0x00007ffa1cd4e000 	C:\Windows\System32\USER32.dll
0x00007ffa0aa10000 - 0x00007ffa0acaa000 	C:\Windows\WinSxS\amd64_microsoft.windows.common-controls_6595b64144ccf1df_6.0.19041.3636_none_60b6a03d71f818d5\COMCTL32.dll
0x00007ffa1c1b0000 - 0x00007ffa1c1d2000 	C:\Windows\System32\win32u.dll
0x00007ffa1e400000 - 0x00007ffa1e42c000 	C:\Windows\System32\GDI32.dll
0x00007ffa1c8b0000 - 0x00007ffa1c9ca000 	C:\Windows\System32\gdi32full.dll
0x00007ffa1c230000 - 0x00007ffa1c2cd000 	C:\Windows\System32\msvcp_win.dll
0x00007ffa0fa40000 - 0x00007ffa0fa4a000 	C:\Windows\SYSTEM32\VERSION.dll
0x00007ffa1e700000 - 0x00007ffa1e730000 	C:\Windows\System32\IMM32.DLL
0x00007ffa173c0000 - 0x00007ffa173cc000 	C:\Program Files\Java\jdk-17\bin\vcruntime140_1.dll
0x00007ffa09d10000 - 0x00007ffa09d9e000 	C:\Program Files\Java\jdk-17\bin\msvcp140.dll
0x00007ff9e2a90000 - 0x00007ff9e366e000 	C:\Program Files\Java\jdk-17\bin\server\jvm.dll
0x00007ffa1d6e0000 - 0x00007ffa1d6e8000 	C:\Windows\System32\PSAPI.DLL
0x00007ffa17380000 - 0x00007ffa17389000 	C:\Windows\SYSTEM32\WSOCK32.dll
0x00007ffa07f90000 - 0x00007ffa07fb7000 	C:\Windows\SYSTEM32\WINMM.dll
0x00007ffa1e730000 - 0x00007ffa1e79b000 	C:\Windows\System32\WS2_32.dll
0x00007ffa1a070000 - 0x00007ffa1a082000 	C:\Windows\SYSTEM32\kernel.appcore.dll
0x00007ffa17340000 - 0x00007ffa1734a000 	C:\Program Files\Java\jdk-17\bin\jimage.dll
0x00007ffa17650000 - 0x00007ffa17834000 	C:\Windows\SYSTEM32\DBGHELP.DLL
0x00007ffa175a0000 - 0x00007ffa175d4000 	C:\Windows\SYSTEM32\dbgcore.DLL
0x00007ffa1c3b0000 - 0x00007ffa1c432000 	C:\Windows\System32\bcryptPrimitives.dll
0x00007ffa12ab0000 - 0x00007ffa12ad5000 	C:\Program Files\Java\jdk-17\bin\java.dll

dbghelp: loaded successfully - version: 4.0.5 - missing functions: none
symbol engine: initialized successfully - sym options: 0x614 - pdb path: .;C:\Program Files\Java\jdk-17\bin;C:\Windows\SYSTEM32;C:\Windows\WinSxS\amd64_microsoft.windows.common-controls_6595b64144ccf1df_6.0.19041.3636_none_60b6a03d71f818d5;C:\Program Files\Java\jdk-17\bin\server

VM Arguments:
jvm_args: -Dfile.encoding=UTF-8 -Dstdout.encoding=UTF-8 -Dstderr.encoding=UTF-8 -XX:+ShowCodeDetailsInExceptionMessages 
java_command: AjaxCalls.FramesDemo
java_class_path (initial): I:\Learnings\Raghavendra\2023\Introduction\target\classes;C:\Users\USER\.p2\pool\plugins\org.testng_7.4.0.r202105021533.jar;C:\Users\USER\.p2\pool\plugins\com.beust.jcommander_1.78.0.jar;C:\Users\USER\.p2\pool\plugins\org.apache-extras.beanshell.bsh_2.0.0.b6.jar;C:\Users\USER\.p2\pool\plugins\org.yaml.snakeyaml_1.21.0.jar;C:\Users\USER\.p2\pool\plugins\org.webjars.jquery_3.5.1.jar;C:\Users\USER\.m2\repository\org\seleniumhq\selenium\selenium-java\4.16.1\selenium-java-4.16.1.jar;C:\Users\USER\.m2\repository\org\seleniumhq\selenium\selenium-api\4.16.1\selenium-api-4.16.1.jar;C:\Users\USER\.m2\repository\org\seleniumhq\selenium\selenium-chrome-driver\4.16.1\selenium-chrome-driver-4.16.1.jar;C:\Users\USER\.m2\repository\com\google\auto\service\auto-service-annotations\1.1.1\auto-service-annotations-1.1.1.jar;C:\Users\USER\.m2\repository\org\seleniumhq\selenium\selenium-chromium-driver\4.16.1\selenium-chromium-driver-4.16.1.jar;C:\Users\USER\.m2\repository\org\seleniumhq\selenium\selenium-json\4.16.1\selenium-json-4.16.1.jar;C:\Users\USER\.m2\repository\org\seleniumhq\selenium\selenium-manager\4.16.1\selenium-manager-4.16.1.jar;C:\Users\USER\.m2\repository\org\seleniumhq\selenium\selenium-devtools-v118\4.16.1\selenium-devtools-v118-4.16.1.jar;C:\Users\USER\.m2\repository\org\seleniumhq\selenium\selenium-devtools-v119\4.16.1\selenium-devtools-v119-4.16.1.jar;C:\Users\USER\.m2\repository\org\seleniumhq\selenium\selenium-devtools-v120\4.16.1\selenium-devtools-v120-4.16.1.jar;C:\Users\USER\.m2\repository\org\seleniumhq\selenium\selenium-devtools-v85\4.16.1\selenium-devtools-v85-4.16.1.jar;C:\Users\USER\.m2\repository\org\seleniumhq\selenium\selenium-edge-driver\4.16.1\selenium-edge-driver-4.16.1.jar;C:\Users\USER\.m2\repository\org\seleniumhq\selenium\selenium-firefox-driver\4.16.1\selenium-firefox-driver-4.16.1.jar;C:\Users\USER\.m2\repository\org\seleniumhq\selenium\selenium-http\4.16.1\selenium-http-4.16.1.jar;C:\Users\USER\.m2\repository\dev\
Launcher Type: SUN_STANDARD

[Global flags]
     intx CICompilerCount                          = 3                                         {product} {ergonomic}
     uint ConcGCThreads                            = 1                                         {product} {ergonomic}
     uint G1ConcRefinementThreads                  = 4                                         {product} {ergonomic}
   size_t G1HeapRegionSize                         = 1048576                                   {product} {ergonomic}
    uintx GCDrainStackTargetSize                   = 64                                        {product} {ergonomic}
   size_t InitialHeapSize                          = 134217728                                 {product} {ergonomic}
   size_t MarkStackSize                            = 4194304                                   {product} {ergonomic}
   size_t MaxHeapSize                              = 2126512128                                {product} {ergonomic}
   size_t MinHeapDeltaBytes                        = 1048576                                   {product} {ergonomic}
   size_t MinHeapSize                              = 8388608                                   {product} {ergonomic}
    uintx NonNMethodCodeHeapSize                   = 5832780                                {pd product} {ergonomic}
    uintx NonProfiledCodeHeapSize                  = 122912730                              {pd product} {ergonomic}
    uintx ProfiledCodeHeapSize                     = 122912730                              {pd product} {ergonomic}
    uintx ReservedCodeCacheSize                    = 251658240                              {pd product} {ergonomic}
     bool SegmentedCodeCache                       = true                                      {product} {ergonomic}
     bool ShowCodeDetailsInExceptionMessages       = true                                   {manageable} {command line}
   size_t SoftMaxHeapSize                          = 2126512128                             {manageable} {ergonomic}
     bool UseCompressedClassPointers               = true                           {product lp64_product} {ergonomic}
     bool UseCompressedOops                        = true                           {product lp64_product} {ergonomic}
     bool UseG1GC                                  = true                                      {product} {ergonomic}
     bool UseLargePagesIndividualAllocation        = false                                  {pd product} {ergonomic}

Logging:
Log output configuration:
 #0: stdout all=warning uptime,level,tags
 #1: stderr all=off uptime,level,tags

Environment Variables:
JAVA_HOME=C:\Program Files\Java\jdk-17
PATH=C:\Program Files\Common Files\Oracle\Java\javapath;C:\Windows\system32;C:\Windows;C:\Windows\System32\Wbem;C:\Windows\System32\WindowsPowerShell\v1.0\;C:\Windows\System32\OpenSSH\;C:\Program Files\Java\jdk-11.0.16\bin;C:\Users\USER\letskodeit\libs\chromedriver_win32;C:\Program Files\Apache\apache-maven-3.9.1\bin;C:\Program Files\Java\jdk-17\bin;C:\Program Files\Git\cmd;C:\Users\USER\AppData\Local\Android\Sdk\platform-tools;C:\Users\USER\AppData\Local\Android\Sdk\build-tools;C:\Program Files\Android\Android Studio\bin;C:\Users\USER\AppData\Local\Microsoft\WindowsApps;C:\Program Files\Java\jdk-11.0.16\bin;C:\Users\USER\AppData\Local\GitHubDesktop\bin
USERNAME=USER
OS=Windows_NT
PROCESSOR_IDENTIFIER=Intel64 Family 6 Model 61 Stepping 4, GenuineIntel



---------------  S Y S T E M  ---------------

OS:
 Windows 10 , 64 bit Build 19041 (10.0.19041.3636)
OS uptime: 15 days 21:30 hours

CPU: total 4 (initial active 4) (2 cores per cpu, 2 threads per core) family 6 model 61 stepping 4 microcode 0x2d, cx8, cmov, fxsr, ht, mmx, 3dnowpref, sse, sse2, sse3, ssse3, sse4.1, sse4.2, popcnt, lzcnt, tsc, tscinvbit, avx, avx2, aes, erms, clmul, bmi1, bmi2, adx, fma, vzeroupper, clflush

Memory: 4k page, system-wide physical 8107M (1242M free)
TotalPageFile size 23291M (AvailPageFile size 119M)
current process WorkingSet (physical memory assigned to process): 10M, peak: 10M
current process commit charge ("private bytes"): 51M, peak: 179M

vm_info: Java HotSpot(TM) 64-Bit Server VM (17.0.8+9-LTS-211) for windows-amd64 JRE (17.0.8+9-LTS-211), built on Jun 14 2023 10:34:31 by "mach5one" with MS VC++ 17.1 (VS2022)

END.
